Added Component: Designator=USB1(USB Mini 5p SMD)
Add component (AddParameter): Name = "Ma_Hang"; Value = "MH001022"; VariantName = "[No Variations]"
Add component (AddParameter): Name = "Ten"; Value = "MiniUSB 5P SMD"; VariantName = "[No Variations]"
Added Pin To Net: NetName=+5 Pin=USB1-1
Added Pin To Net: NetName=GND Pin=USB1-5
Added Pin To Net: NetName=GND Pin=USB1-5
Added Pin To Net: NetName=GND Pin=USB1-5
Added Pin To Net: NetName=GND Pin=USB1-5
Added Pin To Net: NetName=GND Pin=USB1-5
Added Pin To Net: NetName=USB_DM Pin=U3-32
Added Pin To Net: NetName=USB_DM Pin=USB1-2
Added Net: Name=USB_DM
Added Pin To Net: NetName=USB_DP Pin=U3-33
Added Pin To Net: NetName=USB_DP Pin=USB1-3
Added Net: Name=USB_DP
Added Member To Class: ClassName=SCH_DONGHO Member=Component USB1 USB Mini 5p SMD
Added Room: Name=DS3231
Added Room: Name=ESP8266
Added Room: Name=HEADRE
Added Room: Name=LED 7 THANH
Added Room: Name=SCH_DONGHO
