Removed Pin From Net: NetName=NetL2_7 Pin=R11-1
Removed Pin From Net: NetName=NetL2_6 Pin=R12-1
Removed Pin From Net: NetName=NetL2_9 Pin=R16-1
Removed Pin From Net: NetName=NetL2_10 Pin=R17-1
Removed Pin From Net: NetName=NetL2_8 Pin=R18-1
Removed Pin From Net: NetName=NetR13_2 Pin=U3-16
Removed Pin From Net: NetName=NetR14_2 Pin=U3-17
Removed Pin From Net: NetName=NetR15_2 Pin=U3-18
Removed Pin From Net: NetName=NetR17_2 Pin=U3-20
Removed Pin From Net: NetName=NetR4_1 Pin=U3-26
Removed Pin From Net: NetName=NetR3_1 Pin=U3-27
Removed Pin From Net: NetName=NetR2_1 Pin=U3-28
Removed Pin From Net: NetName=IR DATA Pin=U3-33
Added Pin To Net: NetName=NetL2_6 Pin=R11-2
Added Pin To Net: NetName=NetL2_10 Pin=R12-2
Added Pin To Net: NetName=NetL2_8 Pin=R16-2
Added Pin To Net: NetName=NetL2_9 Pin=R17-1
Added Pin To Net: NetName=NetL2_7 Pin=R18-2
Added Pin To Net: NetName=NetR4_1 Pin=U3-14
Added Pin To Net: NetName=NetR13_2 Pin=U3-15
Added Pin To Net: NetName=NetR14_2 Pin=U3-16
Added Pin To Net: NetName=NetR15_2 Pin=U3-17
Added Pin To Net: NetName=NetR17_2 Pin=U3-19
Added Pin To Net: NetName=NetR2_1 Pin=U3-27
Added Pin To Net: NetName=NetR3_1 Pin=U3-28
Added Pin To Net: NetName=IR DATA Pin=U3-46
Added Pin To Net: NetName=NetR11_1 Pin=R11-1
Added Pin To Net: NetName=NetR11_1 Pin=U3-18
Added Net: Name=NetR11_1
Added Pin To Net: NetName=NetR12_1 Pin=R12-1
Added Pin To Net: NetName=NetR12_1 Pin=U3-20
Added Net: Name=NetR12_1
Added Pin To Net: NetName=NetR16_1 Pin=R16-1
Added Pin To Net: NetName=NetR16_1 Pin=U3-21
Added Net: Name=NetR16_1
Added Pin To Net: NetName=NetR18_1 Pin=R18-1
Added Pin To Net: NetName=NetR18_1 Pin=U3-22
Added Net: Name=NetR18_1
Added Member To Class: ClassName=SCH_DONGHO Member=Component R11 100R
Added Member To Class: ClassName=SCH_DONGHO Member=Component R15 100R
Added Member To Class: ClassName=SCH_DONGHO Member=Component R16 100R
Added Member To Class: ClassName=SCH_DONGHO Member=Component R17 100R
Added Room: Name=DS3231
Added Room: Name=ESP8266
Added Room: Name=HEADRE
Added Room: Name=LED 7 THANH
Added Room: Name=SCH_DONGHO
