Removed Pin From Net: NetName=NetR11_2 Pin=U3-13
Removed Pin From Net: NetName=NetR12_2 Pin=U3-14
Removed Pin From Net: NetName=NetR13_2 Pin=U3-15
Removed Pin From Net: NetName=NetR14_2 Pin=U3-16
Removed Pin From Net: NetName=NetR15_2 Pin=U3-17
Removed Pin From Net: NetName=NetR16_2 Pin=U3-18
Removed Pin From Net: NetName=NetR17_2 Pin=U3-19
Removed Pin From Net: NetName=NetR18_2 Pin=U3-20
Removed Pin From Net: NetName=NetR5_1 Pin=U3-25
Removed Member From Class: ClassName=DS3231 Member=BT2
Removed Member From Class: ClassName=DS3231 Member=C2
Removed Member From Class: ClassName=SCH_DONGHO Member=C2
Removed Member From Class: ClassName=SCH_DONGHO Member=C3
Removed Member From Class: ClassName=SCH_DONGHO Member=C4
Removed Member From Class: ClassName=SCH_DONGHO Member=C5
Removed Member From Class: ClassName=SCH_DONGHO Member=C6
Removed Member From Class: ClassName=HEADRE Member=C7
Removed Member From Class: ClassName=DS3231 Member=C11
Removed Member From Class: ClassName=SCH_DONGHO Member=Q3
Removed Member From Class: ClassName=SCH_DONGHO Member=Q4
Removed Member From Class: ClassName=DS3231 Member=R3
Removed Member From Class: ClassName=SCH_DONGHO Member=R3
Removed Member From Class: ClassName=ESP8266 Member=R6
Removed Member From Class: ClassName=SCH_DONGHO Member=R6
Removed Member From Class: ClassName=HEADRE Member=R8
Removed Member From Class: ClassName=LED 7 THANH Member=R8
Removed Member From Class: ClassName=SCH_DONGHO Member=R8
Removed Member From Class: ClassName=SCH_DONGHO Member=R10
Removed Member From Class: ClassName=LED 7 THANH Member=R13
Removed Member From Class: ClassName=DS3231 Member=R15
Removed Member From Class: ClassName=LED 7 THANH Member=R15
Removed Member From Class: ClassName=DS3231 Member=R17
Removed Member From Class: ClassName=ESP8266 Member=R20
Removed Member From Class: ClassName=DS3231 Member=U1
Removed Member From Class: ClassName=SCH_DONGHO Member=U2
Added Pin To Net: NetName=NetR5_1 Pin=U3-13
Added Pin To Net: NetName=NetR11_2 Pin=U3-14
Added Pin To Net: NetName=NetR12_2 Pin=U3-15
Added Pin To Net: NetName=NetR13_2 Pin=U3-16
Added Pin To Net: NetName=NetR14_2 Pin=U3-17
Added Pin To Net: NetName=NetR15_2 Pin=U3-18
Added Pin To Net: NetName=NetR16_2 Pin=U3-19
Added Pin To Net: NetName=NetR17_2 Pin=U3-20
Added Pin To Net: NetName=NetR18_2 Pin=U3-21
Added Member To Class: ClassName=DS3231 Member=Component BT1 CR1220 SMD
Added Member To Class: ClassName=SCH_DONGHO Member=Component BT3 Nut Nhan 4 Chan Cam 6x6
Added Member To Class: ClassName=SCH_DONGHO Member=Component BT5 Nut Nhan 2 Chan SMD 3x6x2.5
Added Member To Class: ClassName=HEADRE Member=Component C1 10uF
Added Member To Class: ClassName=DS3231 Member=Component C5 10uF
Added Member To Class: ClassName=DS3231 Member=Component C6 104
Added Member To Class: ClassName=SCH_DONGHO Member=Component C10 22nF
Added Member To Class: ClassName=SCH_DONGHO Member=Component C12 104
Added Member To Class: ClassName=SCH_DONGHO Member=Component C13 104
Added Member To Class: ClassName=SCH_DONGHO Member=Component C14 104
Added Member To Class: ClassName=SCH_DONGHO Member=Component C15 104
Added Member To Class: ClassName=SCH_DONGHO Member=Component C16 22nF
Added Member To Class: ClassName=SCH_DONGHO Member=Component Q5 HF
Added Member To Class: ClassName=SCH_DONGHO Member=Component Q6 HF
Added Member To Class: ClassName=HEADRE Member=Component R1 220R
Added Member To Class: ClassName=LED 7 THANH Member=Component R3 100R
Added Member To Class: ClassName=LED 7 THANH Member=Component R4 100R
Added Member To Class: ClassName=LED 7 THANH Member=Component R5 100R
Added Member To Class: ClassName=DS3231 Member=Component R6 470R
Added Member To Class: ClassName=DS3231 Member=Component R7 4.7k
Added Member To Class: ClassName=DS3231 Member=Component R8 4.7k
Added Member To Class: ClassName=ESP8266 Member=Component R9 10k
Added Member To Class: ClassName=ESP8266 Member=Component R10 10k
Added Member To Class: ClassName=SCH_DONGHO Member=Component R11 100R
Added Member To Class: ClassName=SCH_DONGHO Member=Component R12 100R
Added Member To Class: ClassName=SCH_DONGHO Member=Component R14 100R
Added Member To Class: ClassName=SCH_DONGHO Member=Component R16 100R
Added Member To Class: ClassName=SCH_DONGHO Member=Component R18 100R
Added Member To Class: ClassName=SCH_DONGHO Member=Component R19 10k
Added Member To Class: ClassName=SCH_DONGHO Member=Component R21 4.7k
Added Member To Class: ClassName=SCH_DONGHO Member=Component R23 100R
Added Member To Class: ClassName=DS3231 Member=Component U2 DS3231 SMD
Added Member To Class: ClassName=SCH_DONGHO Member=Component U3 STM32F103xx_LQFP48
Added Room: Name=DS3231
Added Room: Name=ESP8266
Added Room: Name=HEADRE
Added Room: Name=LED 7 THANH
Added Room: Name=SCH_DONGHO
