Removed Pin From Net: NetName=BUZZ Pin=U3-25
Removed Pin From Net: NetName=DHT11 DATA Pin=U3-32
Removed Pin From Net: NetName=IR DATA Pin=U3-46
Change Component Designator: OldDesignator=R11 NewDesignator=R14
Change Component Designator: OldDesignator=R12 NewDesignator=R16
Change Component Designator: OldDesignator=R13 NewDesignator=R11
Change Component Designator: OldDesignator=R14 NewDesignator=R12
Change Component Designator: OldDesignator=R15 NewDesignator=R13
Change Component Designator: OldDesignator=R16 NewDesignator=R17
Change Component Designator: OldDesignator=R17 NewDesignator=R15
Added Pin To Net: NetName=IR DATA Pin=U3-25
Added Pin To Net: NetName=BUZZ Pin=U3-29
Added Pin To Net: NetName=DHT11 DATA Pin=U3-46
Change Net Name : Old Net Name=NetR11_1 New Net Name=NetR14_1
Change Net Name : Old Net Name=NetR12_1 New Net Name=NetR16_1
Change Net Name : Old Net Name=NetR13_2 New Net Name=NetR11_2
Change Net Name : Old Net Name=NetR14_2 New Net Name=NetR12_2
Change Net Name : Old Net Name=NetR15_2 New Net Name=NetR13_2
Change Net Name : Old Net Name=NetR16_1 New Net Name=NetR17_1
Change Net Name : Old Net Name=NetR17_2 New Net Name=NetR15_2
