Removed Pin From Net: NetName=NetL2_7 Pin=R11-1
Removed Pin From Net: NetName=NetL2_6 Pin=R12-1
Removed Pin From Net: NetName=NetL2_9 Pin=R16-1
Removed Pin From Net: NetName=NetL2_10 Pin=R17-1
Removed Pin From Net: NetName=NetL2_8 Pin=R18-1
Removed Pin From Net: NetName=NetR4_1 Pin=U3-26
Removed Pin From Net: NetName=NetR3_1 Pin=U3-27
Removed Pin From Net: NetName=NetR2_1 Pin=U3-28
Change Component Designator: OldDesignator=R11 NewDesignator=R18
Change Component Designator: OldDesignator=R12 NewDesignator=R16
Change Component Designator: OldDesignator=R13 NewDesignator=R17
Change Component Designator: OldDesignator=R14 NewDesignator=R15
Change Component Designator: OldDesignator=R15 NewDesignator=R14
Change Component Designator: OldDesignator=R16 NewDesignator=R12
Change Component Designator: OldDesignator=R17 NewDesignator=R13
Change Component Designator: OldDesignator=R18 NewDesignator=R11
Added Pin To Net: NetName=NetL2_7 Pin=R11-2
Added Pin To Net: NetName=NetL2_8 Pin=R12-2
Added Pin To Net: NetName=NetL2_10 Pin=R13-2
Added Pin To Net: NetName=NetL2_9 Pin=R16-2
Added Pin To Net: NetName=NetL2_6 Pin=R18-2
Added Pin To Net: NetName=NetR4_1 Pin=U3-14
Added Pin To Net: NetName=NetR3_1 Pin=U3-20
Added Pin To Net: NetName=NetR2_1 Pin=U3-21
Change Net Name : Old Net Name=NetR13_2 New Net Name=NetR17_2
Change Net Name : Old Net Name=NetR14_2 New Net Name=NetR15_2
Change Net Name : Old Net Name=NetR15_2 New Net Name=NetR14_2
Added Pin To Net: NetName=NetR11_1 Pin=R11-1
Added Pin To Net: NetName=NetR11_1 Pin=U3-38
Added Net: Name=NetR11_1
Added Pin To Net: NetName=NetR12_1 Pin=R12-1
Added Pin To Net: NetName=NetR12_1 Pin=U3-39
Added Net: Name=NetR12_1
Added Pin To Net: NetName=NetR13_1 Pin=R13-1
Added Pin To Net: NetName=NetR13_1 Pin=U3-40
Added Net: Name=NetR13_1
Added Pin To Net: NetName=NetR16_1 Pin=R16-1
Added Pin To Net: NetName=NetR16_1 Pin=U3-45
Added Net: Name=NetR16_1
Added Pin To Net: NetName=NetR18_1 Pin=R18-1
Added Pin To Net: NetName=NetR18_1 Pin=U3-46
Added Net: Name=NetR18_1
Added Room: Name=DS3231
Added Room: Name=ESP8266
Added Room: Name=HEADRE
Added Room: Name=LED 7 THANH
Added Room: Name=SCH_DONGHO
