Removed Pin From Net: NetName=NetR15_1 Pin=R15-1
Removed Pin From Net: NetName=NetR16_1 Pin=R16-1
Removed Pin From Net: NetName=NetR17_1 Pin=R17-1
Removed Pin From Net: NetName=NetR17_1 Pin=U1-25
Removed Pin From Net: NetName=NetR16_1 Pin=U1-26
Removed Pin From Net: NetName=NetR15_1 Pin=U1-27
Change Component Designator: OldDesignator=C11 NewDesignator=C15
Change Component Designator: OldDesignator=C12 NewDesignator=C16
Change Component Designator: OldDesignator=C13 NewDesignator=C11
Change Component Designator: OldDesignator=C14 NewDesignator=C12
Change Component Designator: OldDesignator=C15 NewDesignator=C13
Change Component Designator: OldDesignator=C16 NewDesignator=C14
Change Component Designator: OldDesignator=L1 NewDesignator=L2
Change Component Designator: OldDesignator=L2 NewDesignator=L3
Change Component Designator: OldDesignator=L3 NewDesignator=L4
Change Component Designator: OldDesignator=L4 NewDesignator=L5
Change Component Designator: OldDesignator=L5 NewDesignator=L6
Change Component Designator: OldDesignator=L6 NewDesignator=L1
Change Component Designator: OldDesignator=R1 NewDesignator=R2
Change Component Designator: OldDesignator=R2 NewDesignator=R3
Change Component Designator: OldDesignator=R3 NewDesignator=R4
Change Component Designator: OldDesignator=R4 NewDesignator=R5
Change Component Designator: OldDesignator=R5 NewDesignator=R6
Change Component Designator: OldDesignator=R6 NewDesignator=R7
Change Component Designator: OldDesignator=R7 NewDesignator=R8
Change Component Designator: OldDesignator=R8 NewDesignator=R9
Change Component Designator: OldDesignator=R9 NewDesignator=R1
Change Component Designator: OldDesignator=R14 NewDesignator=R15
Change Component Designator: OldDesignator=R15 NewDesignator=R16
Change Component Designator: OldDesignator=R16 NewDesignator=R17
Change Component Designator: OldDesignator=R17 NewDesignator=R18
Change Component Designator: OldDesignator=R18 NewDesignator=R19
Change Component Designator: OldDesignator=R19 NewDesignator=R20
Change Component Designator: OldDesignator=R20 NewDesignator=R21
Change Component Designator: OldDesignator=R21 NewDesignator=R22
Change Component Designator: OldDesignator=R22 NewDesignator=R23
Change Component Designator: OldDesignator=R23 NewDesignator=R14
Change Component Designator: OldDesignator=U2 NewDesignator=U3
Change Component Designator: OldDesignator=U3 NewDesignator=U2
Added Pin To Net: NetName=NetR15_1 Pin=R15-1
Added Pin To Net: NetName=NetR16_1 Pin=R16-1
Added Pin To Net: NetName=NetR17_1 Pin=R17-1
Change Net Name : Old Net Name=NetL1_1 New Net Name=NetL2_1
Change Net Name : Old Net Name=NetL1_2 New Net Name=NetL2_2
Change Net Name : Old Net Name=NetL1_3 New Net Name=NetL2_3
Change Net Name : Old Net Name=NetL1_4 New Net Name=NetL2_4
Change Net Name : Old Net Name=NetL1_6 New Net Name=NetL2_6
Change Net Name : Old Net Name=NetL1_7 New Net Name=NetL2_7
Change Net Name : Old Net Name=NetL1_8 New Net Name=NetL2_8
Change Net Name : Old Net Name=NetL1_9 New Net Name=NetL2_9
Change Net Name : Old Net Name=NetL1_10 New Net Name=NetL2_10
Change Net Name : Old Net Name=NetL2_1 New Net Name=NetL3_1
Change Net Name : Old Net Name=NetL3_1 New Net Name=NetL4_1
Change Net Name : Old Net Name=NetL4_1 New Net Name=NetL5_1
Change Net Name : Old Net Name=NetL5_1 New Net Name=NetL6_1
Change Net Name : Old Net Name=NetL5_2 New Net Name=NetL6_2
Change Net Name : Old Net Name=NetL6_1 New Net Name=NetL1_1
Change Net Name : Old Net Name=NetMD1_1 New Net Name=UART1 TX
Change Net Name : Old Net Name=NetMD1_8 New Net Name=UART1 RX
Change Net Name : Old Net Name=NetR1_2 New Net Name=NetR2_2
Change Net Name : Old Net Name=NetR2_2 New Net Name=NetR3_2
Change Net Name : Old Net Name=NetR3_2 New Net Name=NetR4_2
Change Net Name : Old Net Name=NetR4_2 New Net Name=NetR5_2
Change Net Name : Old Net Name=NetR5_2 New Net Name=NetR6_2
Change Net Name : Old Net Name=NetR6_2 New Net Name=NetR7_2
Change Net Name : Old Net Name=NetR7_2 New Net Name=NetR8_2
Change Net Name : Old Net Name=NetR8_2 New Net Name=NetR9_2
Change Net Name : Old Net Name=NetR19_1 New Net Name=NetR20_1
Change Net Name : Old Net Name=NetR20_1 New Net Name=NetR21_1
Added Pin To Net: NetName=NetR18_1 Pin=R18-1
Added Net: Name=NetR18_1
Added Pin To Net: NetName=NetU1_25 Pin=U1-25
Added Net: Name=NetU1_25
Added Pin To Net: NetName=NetU1_26 Pin=U1-26
Added Net: Name=NetU1_26
Added Pin To Net: NetName=NetU1_27 Pin=U1-27
Added Net: Name=NetU1_27
Added Pin To Net: NetName=NetU1_28 Pin=U1-28
Added Net: Name=NetU1_28
Added Room: Name=DS3231
Added Room: Name=ESP8266
Added Room: Name=HEADRE
Added Room: Name=LED 7 THANH
Added Room: Name=SCH_DONGHO
