Removed Pin From Net: NetName=GND Pin=BT3-2
Removed Pin From Net: NetName=+12 Pin=C2-1
Removed Pin From Net: NetName=GND Pin=C2-2
Removed Pin From Net: NetName=+5 Pin=C3-1
Removed Pin From Net: NetName=GND Pin=C3-2
Removed Pin From Net: NetName=+5 Pin=C4-1
Removed Pin From Net: NetName=GND Pin=C4-2
Removed Pin From Net: NetName=3.3V Pin=C5-1
Removed Pin From Net: NetName=GND Pin=C5-2
Removed Pin From Net: NetName=3.3V Pin=C13-1
Removed Pin From Net: NetName=GND Pin=L5-2
Removed Pin From Net: NetName=NetL1_1 Pin=Q1-2
Removed Pin From Net: NetName=+5 Pin=Q1-3
Removed Pin From Net: NetName=NetL2_1 Pin=Q2-2
Removed Pin From Net: NetName=+5 Pin=Q2-3
Removed Pin From Net: NetName=NetL3_1 Pin=Q3-2
Removed Pin From Net: NetName=NetL4_1 Pin=Q4-2
Removed Pin From Net: NetName=NetQ3_1 Pin=R3-2
Removed Pin From Net: NetName=NetQ4_1 Pin=R4-2
Removed Pin From Net: NetName=NetL5_1 Pin=R14-1
Removed Pin From Net: NetName=+5 Pin=R14-2
Removed Pin From Net: NetName=NetL6_1 Pin=R17-1
Removed Pin From Net: NetName=3.3V Pin=R17-2
Removed Pin From Net: NetName=NetMD1_2 Pin=R22-2
Removed Pin From Net: NetName=NetMD1_3 Pin=R23-1
Removed Pin From Net: NetName=3.3V Pin=R23-2
Removed Pin From Net: NetName=+12 Pin=U2-1
Removed Pin From Net: NetName=GND Pin=U2-2
Removed Pin From Net: NetName=+5 Pin=U2-3
Removed Pin From Net: NetName=3.3V Pin=U3-2
Removed Pin From Net: NetName=GND Pin=U3-5
Removed Pin From Net: NetName=GND Pin=U3-6
Removed Pin From Net: NetName=GND Pin=U3-7
Removed Pin From Net: NetName=GND Pin=U3-8
Removed Pin From Net: NetName=GND Pin=U3-9
Removed Pin From Net: NetName=GND Pin=U3-10
Removed Pin From Net: NetName=GND Pin=U3-11
Removed Pin From Net: NetName=GND Pin=U3-12
Removed Pin From Net: NetName=GND Pin=U3-13
Removed Member From Class: ClassName=SCH_DONGHO Member=AMS1
Removed Member From Class: ClassName=SCH_DONGHO Member=BT5
Removed Member From Class: ClassName=SCH_DONGHO Member=C11
Removed Member From Class: ClassName=SCH_DONGHO Member=C12
Removed Member From Class: ClassName=SCH_DONGHO Member=C13
Removed Member From Class: ClassName=SCH_DONGHO Member=C14
Removed Member From Class: ClassName=SCH_DONGHO Member=C15
Removed Member From Class: ClassName=SCH_DONGHO Member=C16
Removed Member From Class: ClassName=SCH_DONGHO Member=JACK DC1
Removed Member From Class: ClassName=SCH_DONGHO Member=L1
Removed Member From Class: ClassName=SCH_DONGHO Member=L2
Removed Member From Class: ClassName=SCH_DONGHO Member=L3
Removed Member From Class: ClassName=SCH_DONGHO Member=L4
Removed Member From Class: ClassName=SCH_DONGHO Member=L5
Removed Member From Class: ClassName=SCH_DONGHO Member=L6
Removed Member From Class: ClassName=SCH_DONGHO Member=MD1
Removed Member From Class: ClassName=SCH_DONGHO Member=Q3
Removed Member From Class: ClassName=SCH_DONGHO Member=Q4
Removed Member From Class: ClassName=SCH_DONGHO Member=Q5
Removed Member From Class: ClassName=SCH_DONGHO Member=Q6
Removed Member From Class: ClassName=SCH_DONGHO Member=R14
Removed Member From Class: ClassName=SCH_DONGHO Member=R15
Removed Member From Class: ClassName=SCH_DONGHO Member=R16
Removed Member From Class: ClassName=SCH_DONGHO Member=R17
Removed Member From Class: ClassName=SCH_DONGHO Member=R18
Removed Member From Class: ClassName=SCH_DONGHO Member=R19
Removed Member From Class: ClassName=SCH_DONGHO Member=R20
Removed Member From Class: ClassName=SCH_DONGHO Member=R21
Removed Member From Class: ClassName=SCH_DONGHO Member=R22
Removed Member From Class: ClassName=SCH_DONGHO Member=R23
Removed Member From Class: ClassName=SCH_DONGHO Member=U2
Removed Member From Class: ClassName=SCH_DONGHO Member=U3
Change Component Footprint: Designator=U3 Old Footprint=SOIC 16 New Footprint=TO252
Change Component Footprint: Designator=U2 Old Footprint=TO252 New Footprint=SOIC 16
Change Component Footprint: Designator=R14 Old Footprint=tro smd 0603 New Footprint=tro smd 0805
Change Component Footprint: Designator=R23 Old Footprint=tro smd 0805 New Footprint=tro smd 0603
Change Component Footprint: Designator=C13 Old Footprint=tu 0805 New Footprint=tu tantalum smd3216
Change Component Footprint: Designator=C12 Old Footprint=tu tantalum smd3216 New Footprint=tu 0805
Change Component Comment : Designator=R23 Old Comment=10k New Comment=220R
Change Component Comment : Designator=C12 Old Comment=10uF New Comment=104
Change Component Comment : Designator=U2 Old Comment=78M05 SMD TO252 New Comment=DS3231 SMD
Change Component Comment : Designator=C13 Old Comment=104 New Comment=10uF
Change Component Comment : Designator=R14 Old Comment=220R New Comment=100R
Change Component Comment : Designator=R17 Old Comment=470R New Comment=100R
Change Component Comment : Designator=U3 Old Comment=DS3231 SMD New Comment=78M05 SMD TO252
Change Component Designator: OldDesignator=BT1 NewDesignator=BT4
Change Component Designator: OldDesignator=BT2 NewDesignator=BT1
Change Component Designator: OldDesignator=BT4 NewDesignator=BT2
Change Component Designator: OldDesignator=BT5 NewDesignator=BT3
Change Component Designator: OldDesignator=C1 NewDesignator=C4
Change Component Designator: OldDesignator=C6 NewDesignator=C5
Change Component Designator: OldDesignator=C7 NewDesignator=C6
Change Component Designator: OldDesignator=C8 NewDesignator=C7
Change Component Designator: OldDesignator=C9 NewDesignator=C8
Change Component Designator: OldDesignator=C10 NewDesignator=C9
Change Component Designator: OldDesignator=C11 NewDesignator=C10
Change Component Designator: OldDesignator=C14 NewDesignator=C1
Change Component Designator: OldDesignator=C15 NewDesignator=C2
Change Component Designator: OldDesignator=C16 NewDesignator=C3
Change Component Designator: OldDesignator=Q5 NewDesignator=Q1
Change Component Designator: OldDesignator=Q6 NewDesignator=Q2
Change Component Designator: OldDesignator=R5 NewDesignator=R1
Change Component Designator: OldDesignator=R6 NewDesignator=R2
Change Component Designator: OldDesignator=R7 NewDesignator=R3
Change Component Designator: OldDesignator=R8 NewDesignator=R4
Change Component Designator: OldDesignator=R9 NewDesignator=R5
Change Component Designator: OldDesignator=R10 NewDesignator=R6
Change Component Designator: OldDesignator=R11 NewDesignator=R7
Change Component Designator: OldDesignator=R12 NewDesignator=R8
Change Component Designator: OldDesignator=R13 NewDesignator=R9
Change Component Designator: OldDesignator=R15 NewDesignator=R11
Change Component Designator: OldDesignator=R16 NewDesignator=R12
Change Component Designator: OldDesignator=R18 NewDesignator=R10
Change Component Designator: OldDesignator=R21 NewDesignator=R13
Change component parameters: Designator = "C12" ("C12"); Footprint = "tu tantalum smd3216"; UniqueID = "\AOBKUKXE" ("\AOBKUKXE")
Change component parameters (AddParameter): Name = "Chung_Loai"; Value = "Dán"; VariantName = "[No Variations]"
Change component parameters (AddParameter): Name = "Don_Vi"; Value = "Con"; VariantName = "[No Variations]"
Change component parameters (AddParameter): Name = "Kieu_Chan"; Value = ""; VariantName = "[No Variations]"
Change component parameters (AddParameter): Name = "Ma_Hang"; Value = "MH004551"; VariantName = "[No Variations]"
Change component parameters (AddParameter): Name = "So_Chan"; Value = "2"; VariantName = "[No Variations]"
Change component parameters (AddParameter): Name = "Ten_Linh_Kien"; Value = "T? 0805 104-100nF 10% 50V"; VariantName = "[No Variations]"
Change component parameters: Designator = "C13" ("C13"); Footprint = "tu 0805"; UniqueID = "\YOWABPLD" ("\YOWABPLD")
Change component parameters (AddParameter): Name = "Chung_Loai"; Value = "Dán"; VariantName = "[No Variations]"
Change component parameters (AddParameter): Name = "Don_Vi"; Value = "Con"; VariantName = "[No Variations]"
Change component parameters (AddParameter): Name = "Kieu_Chan"; Value = ""; VariantName = "[No Variations]"
Change component parameters (AddParameter): Name = "Ma_Hang"; Value = "MH001954"; VariantName = "[No Variations]"
Change component parameters (AddParameter): Name = "So_Chan"; Value = "2"; VariantName = "[No Variations]"
Change component parameters (AddParameter): Name = "Ten_Linh_Kien"; Value = "T? tantalum 106C-10uF 16V SMD3216"; VariantName = "[No Variations]"
Change component parameters: Designator = "R14" ("R14"); Footprint = "tro smd 0603"; UniqueID = "\OMNMDZSH" ("\OMNMDZSH")
Change component parameters (AddParameter): Name = "Chung_Loai"; Value = "Dán"; VariantName = "[No Variations]"
Change component parameters (AddParameter): Name = "Don_Vi"; Value = "Con"; VariantName = "[No Variations]"
Change component parameters (AddParameter): Name = "Kieu_Chan"; Value = ""; VariantName = "[No Variations]"
Change component parameters (AddParameter): Name = "Ma_Hang"; Value = "MH005251"; VariantName = "[No Variations]"
Change component parameters (AddParameter): Name = "So_Chan"; Value = "2"; VariantName = "[No Variations]"
Change component parameters (AddParameter): Name = "Ten_Linh_Kien"; Value = "Tr? 0805 5% 100R"; VariantName = "[No Variations]"
Change component parameters: Designator = "R17" ("R17"); Footprint = "Tro SMD 0805"; UniqueID = "\SFRVMVRR" ("\SFRVMVRR")
Change component parameters (AddParameter): Name = "Chung_Loai"; Value = "Dán"; VariantName = "[No Variations]"
Change component parameters (AddParameter): Name = "Don_Vi"; Value = "Con"; VariantName = "[No Variations]"
Change component parameters (AddParameter): Name = "Kieu_Chan"; Value = ""; VariantName = "[No Variations]"
Change component parameters (AddParameter): Name = "Ma_Hang"; Value = "MH005251"; VariantName = "[No Variations]"
Change component parameters (AddParameter): Name = "So_Chan"; Value = "2"; VariantName = "[No Variations]"
Change component parameters (AddParameter): Name = "Ten_Linh_Kien"; Value = "Tr? 0805 5% 100R"; VariantName = "[No Variations]"
Change component parameters: Designator = "R23" ("R23"); Footprint = "tro smd 0805"; UniqueID = "\KDNGDLGT" ("\KDNGDLGT")
Change component parameters (AddParameter): Name = "Chung_Loai"; Value = "Dán"; VariantName = "[No Variations]"
Change component parameters (AddParameter): Name = "Don_Vi"; Value = "Con"; VariantName = "[No Variations]"
Change component parameters (AddParameter): Name = "Kieu_Chan"; Value = ""; VariantName = "[No Variations]"
Change component parameters (AddParameter): Name = "Ma_Hang"; Value = "MH006322"; VariantName = "[No Variations]"
Change component parameters (AddParameter): Name = "So_Chan"; Value = "2"; VariantName = "[No Variations]"
Change component parameters (AddParameter): Name = "Ten_Linh_Kien"; Value = "Tr? 0603 5% 220R"; VariantName = "[No Variations]"
Change component parameters: Designator = "U2" ("U2"); Footprint = "TO252"; UniqueID = "\WJQFPQUC" ("\WJQFPQUC")
Change component parameters: Designator = "U3" ("U3"); Footprint = "SOIC 16"; UniqueID = "\GRUYTQYX" ("\GRUYTQYX")
Change component parameters (AddParameter): Name = "Chung_Loai"; Value = "Dán"; VariantName = "[No Variations]"
Change component parameters (AddParameter): Name = "Don_Vi"; Value = "Con"; VariantName = "[No Variations]"
Change component parameters (AddParameter): Name = "Ghi_Chu"; Value = ""; VariantName = "[No Variations]"
Change component parameters (AddParameter): Name = "Kieu_Chan"; Value = ""; VariantName = "[No Variations]"
Change component parameters (AddParameter): Name = "Ma_Hang"; Value = "MH001917"; VariantName = "[No Variations]"
Change component parameters (AddParameter): Name = "Ten_Linh_Kien"; Value = "78M05 TO252"; VariantName = "[No Variations]"
Added Component: Designator=BT5(DE PIN CR1220)
Add component (AddParameter): Name = "Ma_Hang"; Value = "MH000833"; VariantName = "[No Variations]"
Add component (AddParameter): Name = "Ten"; Value = "Ð? PIN CR1220 SMD"; VariantName = "[No Variations]"
Added Component: Designator=C11(tu tantalum smd3216)
Add component (AddParameter): Name = "Chung_Loai"; Value = "Dán"; VariantName = "[No Variations]"
Add component (AddParameter): Name = "Don_Vi"; Value = "Con"; VariantName = "[No Variations]"
Add component (AddParameter): Name = "Kieu_Chan"; Value = ""; VariantName = "[No Variations]"
Add component (AddParameter): Name = "Ma_Hang"; Value = "MH001954"; VariantName = "[No Variations]"
Add component (AddParameter): Name = "So_Chan"; Value = "2"; VariantName = "[No Variations]"
Add component (AddParameter): Name = "Ten_Linh_Kien"; Value = "T? tantalum 106C-10uF 16V SMD3216"; VariantName = "[No Variations]"
Added Component: Designator=C14(tu tantalum smd3216)
Add component (AddParameter): Name = "Chung_Loai"; Value = "Dán"; VariantName = "[No Variations]"
Add component (AddParameter): Name = "Don_Vi"; Value = "Con"; VariantName = "[No Variations]"
Add component (AddParameter): Name = "Kieu_Chan"; Value = ""; VariantName = "[No Variations]"
Add component (AddParameter): Name = "Ma_Hang"; Value = "MH007472"; VariantName = "[No Variations]"
Add component (AddParameter): Name = "So_Chan"; Value = "2"; VariantName = "[No Variations]"
Add component (AddParameter): Name = "Ten_Linh_Kien"; Value = "T? tantalum 105E-1uF 25V SMD3216"; VariantName = "[No Variations]"
Added Component: Designator=C15(tu tantalum smd3216)
Add component (AddParameter): Name = "Chung_Loai"; Value = "Dán"; VariantName = "[No Variations]"
Add component (AddParameter): Name = "Don_Vi"; Value = "Con"; VariantName = "[No Variations]"
Add component (AddParameter): Name = "Kieu_Chan"; Value = ""; VariantName = "[No Variations]"
Add component (AddParameter): Name = "Ma_Hang"; Value = "MH001954"; VariantName = "[No Variations]"
Add component (AddParameter): Name = "So_Chan"; Value = "2"; VariantName = "[No Variations]"
Add component (AddParameter): Name = "Ten_Linh_Kien"; Value = "T? tantalum 106C-10uF 16V SMD3216"; VariantName = "[No Variations]"
Added Component: Designator=C16(tu tantalum smd3216)
Add component (AddParameter): Name = "Chung_Loai"; Value = "Dán"; VariantName = "[No Variations]"
Add component (AddParameter): Name = "Don_Vi"; Value = "Con"; VariantName = "[No Variations]"
Add component (AddParameter): Name = "Kieu_Chan"; Value = ""; VariantName = "[No Variations]"
Add component (AddParameter): Name = "Ma_Hang"; Value = "MH001954"; VariantName = "[No Variations]"
Add component (AddParameter): Name = "So_Chan"; Value = "2"; VariantName = "[No Variations]"
Add component (AddParameter): Name = "Ten_Linh_Kien"; Value = "T? tantalum 106C-10uF 16V SMD3216"; VariantName = "[No Variations]"
Added Component: Designator=Q5(SOT23)
Add component (AddParameter): Name = "Value"; Value = "C9014"; VariantName = "[No Variations]"
Added Component: Designator=Q6(SOT23)
Add component (AddParameter): Name = "Value"; Value = "C9014"; VariantName = "[No Variations]"
Added Component: Designator=R15(tro smd 0805)
Add component (AddParameter): Name = "Chung_Loai"; Value = "Dán"; VariantName = "[No Variations]"
Add component (AddParameter): Name = "Don_Vi"; Value = "Con"; VariantName = "[No Variations]"
Add component (AddParameter): Name = "Kieu_Chan"; Value = ""; VariantName = "[No Variations]"
Add component (AddParameter): Name = "Ma_Hang"; Value = "MH005251"; VariantName = "[No Variations]"
Add component (AddParameter): Name = "So_Chan"; Value = "2"; VariantName = "[No Variations]"
Add component (AddParameter): Name = "Ten_Linh_Kien"; Value = "Tr? 0805 5% 100R"; VariantName = "[No Variations]"
Added Component: Designator=R16(tro smd 0805)
Add component (AddParameter): Name = "Chung_Loai"; Value = "Dán"; VariantName = "[No Variations]"
Add component (AddParameter): Name = "Don_Vi"; Value = "Con"; VariantName = "[No Variations]"
Add component (AddParameter): Name = "Kieu_Chan"; Value = ""; VariantName = "[No Variations]"
Add component (AddParameter): Name = "Ma_Hang"; Value = "MH005251"; VariantName = "[No Variations]"
Add component (AddParameter): Name = "So_Chan"; Value = "2"; VariantName = "[No Variations]"
Add component (AddParameter): Name = "Ten_Linh_Kien"; Value = "Tr? 0805 5% 100R"; VariantName = "[No Variations]"
Added Component: Designator=R18(Tro SMD 0805)
Add component (AddParameter): Name = "Chung_Loai"; Value = "Dán"; VariantName = "[No Variations]"
Add component (AddParameter): Name = "Don_Vi"; Value = "Con"; VariantName = "[No Variations]"
Add component (AddParameter): Name = "Kieu_Chan"; Value = ""; VariantName = "[No Variations]"
Add component (AddParameter): Name = "Ma_Hang"; Value = "MH005341"; VariantName = "[No Variations]"
Add component (AddParameter): Name = "So_Chan"; Value = "2"; VariantName = "[No Variations]"
Add component (AddParameter): Name = "Ten_Linh_Kien"; Value = "Tr? 0805 5% 470R"; VariantName = "[No Variations]"
Added Component: Designator=R21(tro smd 0805)
Add component (AddParameter): Name = "Chung_Loai"; Value = "Dán"; VariantName = "[No Variations]"
Add component (AddParameter): Name = "Don_Vi"; Value = "Con"; VariantName = "[No Variations]"
Add component (AddParameter): Name = "Kieu_Chan"; Value = ""; VariantName = "[No Variations]"
Add component (AddParameter): Name = "Ma_Hang"; Value = "MH005239"; VariantName = "[No Variations]"
Add component (AddParameter): Name = "So_Chan"; Value = "2"; VariantName = "[No Variations]"
Add component (AddParameter): Name = "Ten_Linh_Kien"; Value = "Tr? 0805 5% 10k"; VariantName = "[No Variations]"
Added Pin To Net: NetName=GND Pin=BT5-2
Added Pin To Net: NetName=3.3V Pin=C11-1
Added Pin To Net: NetName=GND Pin=C11-2
Added Pin To Net: NetName=+12 Pin=C13-1
Added Pin To Net: NetName=+5 Pin=C14-1
Added Pin To Net: NetName=GND Pin=C14-2
Added Pin To Net: NetName=+5 Pin=C15-1
Added Pin To Net: NetName=GND Pin=C15-2
Added Pin To Net: NetName=3.3V Pin=C16-1
Added Pin To Net: NetName=GND Pin=C16-2
Added Pin To Net: NetName=GND Pin=L6-2
Added Pin To Net: NetName=NetL1_1 Pin=Q3-2
Added Pin To Net: NetName=NetL2_1 Pin=Q4-2
Added Pin To Net: NetName=NetL3_1 Pin=Q5-2
Added Pin To Net: NetName=+5 Pin=Q5-3
Added Pin To Net: NetName=NetL4_1 Pin=Q6-2
Added Pin To Net: NetName=+5 Pin=Q6-3
Added Pin To Net: NetName=NetQ3_1 Pin=R14-2
Added Pin To Net: NetName=NetQ4_1 Pin=R15-2
Added Pin To Net: NetName=NetL5_1 Pin=R18-1
Added Pin To Net: NetName=3.3V Pin=R18-2
Added Pin To Net: NetName=3.3V Pin=R21-1
Added Pin To Net: NetName=NetMD1_2 Pin=R21-2
Added Pin To Net: NetName=NetMD1_3 Pin=R22-2
Added Pin To Net: NetName=NetL6_1 Pin=R23-1
Added Pin To Net: NetName=+5 Pin=R23-2
Added Pin To Net: NetName=3.3V Pin=U2-2
Added Pin To Net: NetName=GND Pin=U2-5
Added Pin To Net: NetName=GND Pin=U2-6
Added Pin To Net: NetName=GND Pin=U2-7
Added Pin To Net: NetName=GND Pin=U2-8
Added Pin To Net: NetName=GND Pin=U2-9
Added Pin To Net: NetName=GND Pin=U2-10
Added Pin To Net: NetName=GND Pin=U2-11
Added Pin To Net: NetName=GND Pin=U2-12
Added Pin To Net: NetName=GND Pin=U2-13
Added Pin To Net: NetName=+12 Pin=U3-1
Added Pin To Net: NetName=GND Pin=U3-2
Added Pin To Net: NetName=+5 Pin=U3-3
Change Net Name : Old Net Name=LED A New Net Name=NetL1_7
Change Net Name : Old Net Name=LED B New Net Name=NetL1_6
Change Net Name : Old Net Name=LED C New Net Name=NetL1_4
Change Net Name : Old Net Name=LED D New Net Name=NetL1_3
Change Net Name : Old Net Name=LED E New Net Name=NetL1_2
Change Net Name : Old Net Name=LED F New Net Name=NetL1_9
Change Net Name : Old Net Name=LED G New Net Name=NetL1_10
Change Net Name : Old Net Name=LED H New Net Name=NetL1_8
Change Net Name : Old Net Name=NetBT2_2 New Net Name=NetBT1_2
Change Net Name : Old Net Name=NetC1_2 New Net Name=NetC4_2
Change Net Name : Old Net Name=NetQ5_1 New Net Name=NetQ1_1
Change Net Name : Old Net Name=NetQ6_1 New Net Name=NetQ2_1
Change Net Name : Old Net Name=NetR5_2 New Net Name=NetR1_2
Change Net Name : Old Net Name=NetR6_2 New Net Name=NetR2_2
Change Net Name : Old Net Name=NetR7_2 New Net Name=NetR3_2
Change Net Name : Old Net Name=NetR8_2 New Net Name=NetR4_2
Change Net Name : Old Net Name=NetR9_2 New Net Name=NetR5_2
Change Net Name : Old Net Name=NetR10_2 New Net Name=NetR6_2
Change Net Name : Old Net Name=NetR11_2 New Net Name=NetR7_2
Change Net Name : Old Net Name=NetR12_2 New Net Name=NetR8_2
Change Net Name : Old Net Name=UART1 RX New Net Name=NetMD1_8
Change Net Name : Old Net Name=UART1 TX New Net Name=NetMD1_1
Added Pin To Net: NetName=NetBT5_1 Pin=BT5-1
Added Pin To Net: NetName=NetBT5_1 Pin=U2-14
Added Net: Name=NetBT5_1
Added Pin To Net: NetName=NetL5_2 Pin=L5-2
Added Pin To Net: NetName=NetL5_2 Pin=U2-3
Added Net: Name=NetL5_2
Added Pin To Net: NetName=NetQ5_1 Pin=Q5-1
Added Pin To Net: NetName=NetQ5_1 Pin=R16-2
Added Net: Name=NetQ5_1
Added Pin To Net: NetName=NetQ6_1 Pin=Q6-1
Added Pin To Net: NetName=NetQ6_1 Pin=R17-2
Added Net: Name=NetQ6_1
Added Pin To Net: NetName=NetR14_1 Pin=R14-1
Added Pin To Net: NetName=NetR14_1 Pin=U1-28
Added Net: Name=NetR14_1
Added Pin To Net: NetName=NetR15_1 Pin=R15-1
Added Pin To Net: NetName=NetR15_1 Pin=U1-27
Added Net: Name=NetR15_1
Added Pin To Net: NetName=NetR16_1 Pin=R16-1
Added Pin To Net: NetName=NetR16_1 Pin=U1-26
Added Net: Name=NetR16_1
Added Pin To Net: NetName=NetR17_1 Pin=R17-1
Added Pin To Net: NetName=NetR17_1 Pin=U1-25
Added Net: Name=NetR17_1
Added Pin To Net: NetName=NetR19_1 Pin=R19-1
Added Pin To Net: NetName=NetR19_1 Pin=U1-42
Added Pin To Net: NetName=NetR19_1 Pin=U2-16
Added Net: Name=NetR19_1
Added Pin To Net: NetName=NetR20_1 Pin=R20-1
Added Pin To Net: NetName=NetR20_1 Pin=U1-43
Added Pin To Net: NetName=NetR20_1 Pin=U2-15
Added Net: Name=NetR20_1
Added Class: Name=DS3231
Added Class: Name=ESP8266
Added Class: Name=HEADRE
Added Class: Name=LED 7 THANH
Added Room: Name=DS3231
Added Room: Name=ESP8266
Added Room: Name=HEADRE
Added Room: Name=LED 7 THANH
